<?xml version="1.0" encoding="UTF-8"?>
<testsuite xmlns:xsi="http://www.w3.org/2001/XMLSchema-instance" xsi:noNamespaceSchemaLocation="https://maven.apache.org/surefire/maven-surefire-plugin/xsd/surefire-test-report.xsd" version="3.0.2" name="com.example.keycloakjwt.security.SecurityIntegrationTest" time="1.378" tests="6" errors="0" skipped="0" failures="0" flakes="0">
  <properties>
[...]
</properties>
  <testcase name="returns200WhenSignatureIsValid" classname="com.example.keycloakjwt.security.SecurityIntegrationTest" time="0.091">
    <system-out><![CDATA[
  .   ____          _            __ _ _
 /\\ / ___'_ __ _ _(_)_ __  __ _ \ \ \ \
( ( )\___ | '_ | '_| | '_ \/ _` | \ \ \ \
 \\/  ___)| |_)| | | | | || (_| |  ) ) ) )
  '  |____| .__|_| |_|_| |_\__, | / / / /
 =========|_|==============|___/=/_/_/_/

 :: Spring Boot ::               (v3.5.12)

2026-04-01T15:07:58.255+05:30  INFO 20491 --- [           main] c.e.k.security.SecurityIntegrationTest   : Starting SecurityIntegrationTest using Java 25.0.1 with PID 20491 (started by vinodkumar in /Users/vinodkumar/Documents/Technologies/Keycloak/keycloak-jwt-validator-custom-filter-webclient)
2026-04-01T15:07:58.256+05:30  INFO 20491 --- [           main] c.e.k.security.SecurityIntegrationTest   : No active profile set, falling back to 1 default profile: "default"
2026-04-01T15:07:58.805+05:30  INFO 20491 --- [           main] o.s.b.a.e.web.EndpointLinksResolver      : Exposing 2 endpoints beneath base path '/actuator'
2026-04-01T15:07:58.818+05:30  WARN 20491 --- [           main] .s.s.UserDetailsServiceAutoConfiguration : 

Using generated security password: 38b442b4-f271-4c11-a2ac-887ace88bd10

This generated password is for development use only. Your security configuration must be updated before running your application in production.

2026-04-01T15:07:58.821+05:30  INFO 20491 --- [           main] r$InitializeUserDetailsManagerConfigurer : Global AuthenticationManager configured with UserDetailsService bean with name inMemoryUserDetailsManager
2026-04-01T15:07:58.865+05:30  WARN 20491 --- [           main] o.s.s.c.a.web.builders.WebSecurity       : You are asking Spring Security to ignore Deferred [Mvc [pattern='/**', OPTIONS], Ant [pattern='/**', OPTIONS]]. This is not recommended -- please use permitAll via HttpSecurity#authorizeHttpRequests instead.
2026-04-01T15:07:58.865+05:30  WARN 20491 --- [           main] o.s.s.c.a.web.builders.WebSecurity       : You are asking Spring Security to ignore Deferred [Mvc [pattern='/v2/api-docs'], Ant [pattern='/v2/api-docs']]. This is not recommended -- please use permitAll via HttpSecurity#authorizeHttpRequests instead.
2026-04-01T15:07:58.865+05:30  WARN 20491 --- [           main] o.s.s.c.a.web.builders.WebSecurity       : You are asking Spring Security to ignore Deferred [Mvc [pattern='/swagger-resources/**'], Ant [pattern='/swagger-resources/**']]. This is not recommended -- please use permitAll via HttpSecurity#authorizeHttpRequests instead.
2026-04-01T15:07:58.865+05:30  WARN 20491 --- [           main] o.s.s.c.a.web.builders.WebSecurity       : You are asking Spring Security to ignore Deferred [Mvc [pattern='/swagger-ui/**'], Ant [pattern='/swagger-ui/**']]. This is not recommended -- please use permitAll via HttpSecurity#authorizeHttpRequests instead.
2026-04-01T15:07:58.865+05:30  WARN 20491 --- [           main] o.s.s.c.a.web.builders.WebSecurity       : You are asking Spring Security to ignore Deferred [Mvc [pattern='/swagger-ui.html'], Ant [pattern='/swagger-ui.html']]. This is not recommended -- please use permitAll via HttpSecurity#authorizeHttpRequests instead.
2026-04-01T15:07:58.865+05:30  WARN 20491 --- [           main] o.s.s.c.a.web.builders.WebSecurity       : You are asking Spring Security to ignore Deferred [Mvc [pattern='/webjars/**'], Ant [pattern='/webjars/**']]. This is not recommended -- please use permitAll via HttpSecurity#authorizeHttpRequests instead.
2026-04-01T15:07:58.979+05:30  INFO 20491 --- [           main] o.s.b.t.m.w.SpringBootMockServletContext : Initializing Spring TestDispatcherServlet ''
2026-04-01T15:07:58.979+05:30  INFO 20491 --- [           main] o.s.t.web.servlet.TestDispatcherServlet  : Initializing Servlet ''
2026-04-01T15:07:58.979+05:30  INFO 20491 --- [           main] o.s.t.web.servlet.TestDispatcherServlet  : Completed initialization in 0 ms
2026-04-01T15:07:59.015+05:30  INFO 20491 --- [           main] c.e.k.security.SecurityIntegrationTest   : Started SecurityIntegrationTest in 0.872 seconds (process running for 2.976)
]]></system-out>
  </testcase>
  <testcase name="returns401WhenTokenIsExpired" classname="com.example.keycloakjwt.security.SecurityIntegrationTest" time="0.109"/>
  <testcase name="returns401WhenIssuerIsNotAllowed" classname="com.example.keycloakjwt.security.SecurityIntegrationTest" time="0.035"/>
  <testcase name="returns401WhenTokenIsMalformed" classname="com.example.keycloakjwt.security.SecurityIntegrationTest" time="0.003"/>
  <testcase name="returns401WhenSignatureValidationFails" classname="com.example.keycloakjwt.security.SecurityIntegrationTest" time="0.131"/>
  <testcase name="returns401WhenAuthorizationHeaderMissing" classname="com.example.keycloakjwt.security.SecurityIntegrationTest" time="0.004"/>
</testsuite>